[1.104s] Invoking command in '/home/usuario/Documentos/GitHub/IR2136/prac3_ws/src/my_drone_package': PYTHONPATH=/home/usuario/Documentos/GitHub/IR2136/prac3_ws/build/my_drone_package/prefix_override:/usr/lib/python3/dist-packages/colcon_core/task/python/colcon_distutils_commands:/home/usuario/Documentos/GitHub/IR2136/prac3_ws/install/my_drone_package/lib/python3.10/site-packages:${PYTHONPATH} /usr/bin/python3 -W ignore:setup.py install is deprecated -W ignore:easy_install command is deprecated setup.py egg_info --egg-base ../../build/my_drone_package build --build-base /home/usuario/Documentos/GitHub/IR2136/prac3_ws/build/my_drone_package/build install --record /home/usuario/Documentos/GitHub/IR2136/prac3_ws/build/my_drone_package/install.log --single-version-externally-managed
[1.468s] running egg_info
[1.498s] writing ../../build/my_drone_package/my_drone_package.egg-info/PKG-INFO
[1.499s] writing dependency_links to ../../build/my_drone_package/my_drone_package.egg-info/dependency_links.txt
[1.499s] writing entry points to ../../build/my_drone_package/my_drone_package.egg-info/entry_points.txt
[1.499s] writing requirements to ../../build/my_drone_package/my_drone_package.egg-info/requires.txt
[1.500s] writing top-level names to ../../build/my_drone_package/my_drone_package.egg-info/top_level.txt
[1.562s] reading manifest file '../../build/my_drone_package/my_drone_package.egg-info/SOURCES.txt'
[1.563s] reading manifest template 'MANIFEST.in'
[1.564s] writing manifest file '../../build/my_drone_package/my_drone_package.egg-info/SOURCES.txt'
[1.564s] running build
[1.564s] running build_py
[1.565s] copying my_drone_package/battery_gps_node.py -> /home/usuario/Documentos/GitHub/IR2136/prac3_ws/build/my_drone_package/build/lib/my_drone_package
[1.566s] copying my_drone_package/mission_control_node.py -> /home/usuario/Documentos/GitHub/IR2136/prac3_ws/build/my_drone_package/build/lib/my_drone_package
[1.567s] copying my_drone_package/__init__.py -> /home/usuario/Documentos/GitHub/IR2136/prac3_ws/build/my_drone_package/build/lib/my_drone_package
[1.567s] running install
[1.571s] running install_lib
[1.602s] copying /home/usuario/Documentos/GitHub/IR2136/prac3_ws/build/my_drone_package/build/lib/my_drone_package/mission_control_node.py -> /home/usuario/Documentos/GitHub/IR2136/prac3_ws/install/my_drone_package/lib/python3.10/site-packages/my_drone_package
[1.604s] byte-compiling /home/usuario/Documentos/GitHub/IR2136/prac3_ws/install/my_drone_package/lib/python3.10/site-packages/my_drone_package/mission_control_node.py to mission_control_node.cpython-310.pyc
[1.605s] running install_egg_info
[1.639s] removing '/home/usuario/Documentos/GitHub/IR2136/prac3_ws/install/my_drone_package/lib/python3.10/site-packages/my_drone_package-0.1.0-py3.10.egg-info' (and everything under it)
[1.639s] Copying ../../build/my_drone_package/my_drone_package.egg-info to /home/usuario/Documentos/GitHub/IR2136/prac3_ws/install/my_drone_package/lib/python3.10/site-packages/my_drone_package-0.1.0-py3.10.egg-info
[1.647s] running install_scripts
[1.846s] Installing battery_gps_node script to /home/usuario/Documentos/GitHub/IR2136/prac3_ws/install/my_drone_package/bin
[1.846s] Installing mission_control_node script to /home/usuario/Documentos/GitHub/IR2136/prac3_ws/install/my_drone_package/bin
[1.847s] writing list of installed files to '/home/usuario/Documentos/GitHub/IR2136/prac3_ws/build/my_drone_package/install.log'
[1.865s] Invoked command in '/home/usuario/Documentos/GitHub/IR2136/prac3_ws/src/my_drone_package' returned '0': PYTHONPATH=/home/usuario/Documentos/GitHub/IR2136/prac3_ws/build/my_drone_package/prefix_override:/usr/lib/python3/dist-packages/colcon_core/task/python/colcon_distutils_commands:/home/usuario/Documentos/GitHub/IR2136/prac3_ws/install/my_drone_package/lib/python3.10/site-packages:${PYTHONPATH} /usr/bin/python3 -W ignore:setup.py install is deprecated -W ignore:easy_install command is deprecated setup.py egg_info --egg-base ../../build/my_drone_package build --build-base /home/usuario/Documentos/GitHub/IR2136/prac3_ws/build/my_drone_package/build install --record /home/usuario/Documentos/GitHub/IR2136/prac3_ws/build/my_drone_package/install.log --single-version-externally-managed
