running egg_info
creating ../../build/my_drone_package/my_drone_package.egg-info
writing ../../build/my_drone_package/my_drone_package.egg-info/PKG-INFO
writing dependency_links to ../../build/my_drone_package/my_drone_package.egg-info/dependency_links.txt
writing entry points to ../../build/my_drone_package/my_drone_package.egg-info/entry_points.txt
writing requirements to ../../build/my_drone_package/my_drone_package.egg-info/requires.txt
writing top-level names to ../../build/my_drone_package/my_drone_package.egg-info/top_level.txt
writing manifest file '../../build/my_drone_package/my_drone_package.egg-info/SOURCES.txt'
reading manifest file '../../build/my_drone_package/my_drone_package.egg-info/SOURCES.txt'
writing manifest file '../../build/my_drone_package/my_drone_package.egg-info/SOURCES.txt'
running build
running build_py
creating /home/usuario/Documentos/GitHub/IR2136/prac3_ws/build/my_drone_package/build/lib/my_drone_package
copying my_drone_package/battery_gps_node.py -> /home/usuario/Documentos/GitHub/IR2136/prac3_ws/build/my_drone_package/build/lib/my_drone_package
copying my_drone_package/mission_control_node.py -> /home/usuario/Documentos/GitHub/IR2136/prac3_ws/build/my_drone_package/build/lib/my_drone_package
copying my_drone_package/__init__.py -> /home/usuario/Documentos/GitHub/IR2136/prac3_ws/build/my_drone_package/build/lib/my_drone_package
running install
running install_lib
creating /home/usuario/Documentos/GitHub/IR2136/prac3_ws/install/my_drone_package/lib/python3.10/site-packages/my_drone_package
copying /home/usuario/Documentos/GitHub/IR2136/prac3_ws/build/my_drone_package/build/lib/my_drone_package/battery_gps_node.py -> /home/usuario/Documentos/GitHub/IR2136/prac3_ws/install/my_drone_package/lib/python3.10/site-packages/my_drone_package
copying /home/usuario/Documentos/GitHub/IR2136/prac3_ws/build/my_drone_package/build/lib/my_drone_package/mission_control_node.py -> /home/usuario/Documentos/GitHub/IR2136/prac3_ws/install/my_drone_package/lib/python3.10/site-packages/my_drone_package
copying /home/usuario/Documentos/GitHub/IR2136/prac3_ws/build/my_drone_package/build/lib/my_drone_package/__init__.py -> /home/usuario/Documentos/GitHub/IR2136/prac3_ws/install/my_drone_package/lib/python3.10/site-packages/my_drone_package
byte-compiling /home/usuario/Documentos/GitHub/IR2136/prac3_ws/install/my_drone_package/lib/python3.10/site-packages/my_drone_package/battery_gps_node.py to battery_gps_node.cpython-310.pyc
byte-compiling /home/usuario/Documentos/GitHub/IR2136/prac3_ws/install/my_drone_package/lib/python3.10/site-packages/my_drone_package/mission_control_node.py to mission_control_node.cpython-310.pyc
byte-compiling /home/usuario/Documentos/GitHub/IR2136/prac3_ws/install/my_drone_package/lib/python3.10/site-packages/my_drone_package/__init__.py to __init__.cpython-310.pyc
running install_data
creating /home/usuario/Documentos/GitHub/IR2136/prac3_ws/install/my_drone_package/share/ament_index/resource_index/packages
copying resource/my_drone_package -> /home/usuario/Documentos/GitHub/IR2136/prac3_ws/install/my_drone_package/share/ament_index/resource_index/packages
creating /home/usuario/Documentos/GitHub/IR2136/prac3_ws/install/my_drone_package/share/my_drone_package
copying package.xml -> /home/usuario/Documentos/GitHub/IR2136/prac3_ws/install/my_drone_package/share/my_drone_package
running install_egg_info
Copying ../../build/my_drone_package/my_drone_package.egg-info to /home/usuario/Documentos/GitHub/IR2136/prac3_ws/install/my_drone_package/lib/python3.10/site-packages/my_drone_package-0.0.0-py3.10.egg-info
running install_scripts
Installing battery_gps_node script to /home/usuario/Documentos/GitHub/IR2136/prac3_ws/install/my_drone_package/lib/my_drone_package
Installing mission_control_node script to /home/usuario/Documentos/GitHub/IR2136/prac3_ws/install/my_drone_package/lib/my_drone_package
writing list of installed files to '/home/usuario/Documentos/GitHub/IR2136/prac3_ws/build/my_drone_package/install.log'
