[1.007s] Invoking command in '/home/usuario/Documentos/GitHub/IR2136/prac3_ws/src/my_drone_package': PYTHONPATH=/home/usuario/Documentos/GitHub/IR2136/prac3_ws/build/my_drone_package/prefix_override:/usr/lib/python3/dist-packages/colcon_core/task/python/colcon_distutils_commands:/home/usuario/Documentos/GitHub/IR2136/prac3_ws/install/my_drone_package/lib/python3.10/site-packages:${PYTHONPATH} /usr/bin/python3 -W ignore:setup.py install is deprecated -W ignore:easy_install command is deprecated setup.py egg_info --egg-base ../../build/my_drone_package build --build-base /home/usuario/Documentos/GitHub/IR2136/prac3_ws/build/my_drone_package/build install --record /home/usuario/Documentos/GitHub/IR2136/prac3_ws/build/my_drone_package/install.log --single-version-externally-managed install_data
[1.194s] /home/usuario/.local/lib/python3.10/site-packages/setuptools/_distutils/dist.py:270: UserWarning: Unknown distribution option: 'tests_require'
[1.194s]   warnings.warn(msg)
[1.379s] running egg_info
[1.408s] creating ../../build/my_drone_package/my_drone_package.egg-info
[1.408s] writing ../../build/my_drone_package/my_drone_package.egg-info/PKG-INFO
[1.409s] writing dependency_links to ../../build/my_drone_package/my_drone_package.egg-info/dependency_links.txt
[1.410s] writing entry points to ../../build/my_drone_package/my_drone_package.egg-info/entry_points.txt
[1.410s] writing requirements to ../../build/my_drone_package/my_drone_package.egg-info/requires.txt
[1.410s] writing top-level names to ../../build/my_drone_package/my_drone_package.egg-info/top_level.txt
[1.410s] writing manifest file '../../build/my_drone_package/my_drone_package.egg-info/SOURCES.txt'
[1.471s] reading manifest file '../../build/my_drone_package/my_drone_package.egg-info/SOURCES.txt'
[1.473s] writing manifest file '../../build/my_drone_package/my_drone_package.egg-info/SOURCES.txt'
[1.473s] running build
[1.473s] running build_py
[1.473s] creating /home/usuario/Documentos/GitHub/IR2136/prac3_ws/build/my_drone_package/build/lib/my_drone_package
[1.473s] copying my_drone_package/battery_gps_node.py -> /home/usuario/Documentos/GitHub/IR2136/prac3_ws/build/my_drone_package/build/lib/my_drone_package
[1.475s] copying my_drone_package/mission_control_node.py -> /home/usuario/Documentos/GitHub/IR2136/prac3_ws/build/my_drone_package/build/lib/my_drone_package
[1.475s] copying my_drone_package/__init__.py -> /home/usuario/Documentos/GitHub/IR2136/prac3_ws/build/my_drone_package/build/lib/my_drone_package
[1.476s] running install
[1.479s] running install_lib
[1.510s] creating /home/usuario/Documentos/GitHub/IR2136/prac3_ws/install/my_drone_package/lib/python3.10/site-packages/my_drone_package
[1.510s] copying /home/usuario/Documentos/GitHub/IR2136/prac3_ws/build/my_drone_package/build/lib/my_drone_package/battery_gps_node.py -> /home/usuario/Documentos/GitHub/IR2136/prac3_ws/install/my_drone_package/lib/python3.10/site-packages/my_drone_package
[1.511s] copying /home/usuario/Documentos/GitHub/IR2136/prac3_ws/build/my_drone_package/build/lib/my_drone_package/mission_control_node.py -> /home/usuario/Documentos/GitHub/IR2136/prac3_ws/install/my_drone_package/lib/python3.10/site-packages/my_drone_package
[1.512s] copying /home/usuario/Documentos/GitHub/IR2136/prac3_ws/build/my_drone_package/build/lib/my_drone_package/__init__.py -> /home/usuario/Documentos/GitHub/IR2136/prac3_ws/install/my_drone_package/lib/python3.10/site-packages/my_drone_package
[1.513s] byte-compiling /home/usuario/Documentos/GitHub/IR2136/prac3_ws/install/my_drone_package/lib/python3.10/site-packages/my_drone_package/battery_gps_node.py to battery_gps_node.cpython-310.pyc
[1.514s] byte-compiling /home/usuario/Documentos/GitHub/IR2136/prac3_ws/install/my_drone_package/lib/python3.10/site-packages/my_drone_package/mission_control_node.py to mission_control_node.cpython-310.pyc
[1.515s] byte-compiling /home/usuario/Documentos/GitHub/IR2136/prac3_ws/install/my_drone_package/lib/python3.10/site-packages/my_drone_package/__init__.py to __init__.cpython-310.pyc
[1.515s] running install_data
[1.515s] creating /home/usuario/Documentos/GitHub/IR2136/prac3_ws/install/my_drone_package/share/ament_index/resource_index/packages
[1.516s] copying resource/my_drone_package -> /home/usuario/Documentos/GitHub/IR2136/prac3_ws/install/my_drone_package/share/ament_index/resource_index/packages
[1.516s] creating /home/usuario/Documentos/GitHub/IR2136/prac3_ws/install/my_drone_package/share/my_drone_package
[1.516s] copying package.xml -> /home/usuario/Documentos/GitHub/IR2136/prac3_ws/install/my_drone_package/share/my_drone_package
[1.517s] running install_egg_info
[1.549s] Copying ../../build/my_drone_package/my_drone_package.egg-info to /home/usuario/Documentos/GitHub/IR2136/prac3_ws/install/my_drone_package/lib/python3.10/site-packages/my_drone_package-0.0.0-py3.10.egg-info
[1.556s] running install_scripts
[1.738s] Installing battery_gps_node script to /home/usuario/Documentos/GitHub/IR2136/prac3_ws/install/my_drone_package/lib/my_drone_package
[1.738s] Installing mission_control_node script to /home/usuario/Documentos/GitHub/IR2136/prac3_ws/install/my_drone_package/lib/my_drone_package
[1.738s] writing list of installed files to '/home/usuario/Documentos/GitHub/IR2136/prac3_ws/build/my_drone_package/install.log'
[1.758s] Invoked command in '/home/usuario/Documentos/GitHub/IR2136/prac3_ws/src/my_drone_package' returned '0': PYTHONPATH=/home/usuario/Documentos/GitHub/IR2136/prac3_ws/build/my_drone_package/prefix_override:/usr/lib/python3/dist-packages/colcon_core/task/python/colcon_distutils_commands:/home/usuario/Documentos/GitHub/IR2136/prac3_ws/install/my_drone_package/lib/python3.10/site-packages:${PYTHONPATH} /usr/bin/python3 -W ignore:setup.py install is deprecated -W ignore:easy_install command is deprecated setup.py egg_info --egg-base ../../build/my_drone_package build --build-base /home/usuario/Documentos/GitHub/IR2136/prac3_ws/build/my_drone_package/build install --record /home/usuario/Documentos/GitHub/IR2136/prac3_ws/build/my_drone_package/install.log --single-version-externally-managed install_data
