[1.140s] Invoking command in '/home/usuario/Documentos/GitHub/IR2136/prac3_ws/src/my_drone_package': PYTHONPATH=/home/usuario/Documentos/GitHub/IR2136/prac3_ws/build/my_drone_package/prefix_override:/usr/lib/python3/dist-packages/colcon_core/task/python/colcon_distutils_commands:/home/usuario/Documentos/GitHub/IR2136/prac3_ws/install/my_drone_package/lib/python3.10/site-packages:${PYTHONPATH} /usr/bin/python3 -W ignore:setup.py install is deprecated -W ignore:easy_install command is deprecated setup.py egg_info --egg-base ../../build/my_drone_package build --build-base /home/usuario/Documentos/GitHub/IR2136/prac3_ws/build/my_drone_package/build install --record /home/usuario/Documentos/GitHub/IR2136/prac3_ws/build/my_drone_package/install.log --single-version-externally-managed
[1.526s] running egg_info
[1.561s] writing ../../build/my_drone_package/my_drone_package.egg-info/PKG-INFO
[1.562s] writing dependency_links to ../../build/my_drone_package/my_drone_package.egg-info/dependency_links.txt
[1.562s] writing entry points to ../../build/my_drone_package/my_drone_package.egg-info/entry_points.txt
[1.562s] writing requirements to ../../build/my_drone_package/my_drone_package.egg-info/requires.txt
[1.563s] writing top-level names to ../../build/my_drone_package/my_drone_package.egg-info/top_level.txt
[1.630s] reading manifest file '../../build/my_drone_package/my_drone_package.egg-info/SOURCES.txt'
[1.631s] reading manifest template 'MANIFEST.in'
[1.633s] writing manifest file '../../build/my_drone_package/my_drone_package.egg-info/SOURCES.txt'
[1.633s] running build
[1.633s] running build_py
[1.633s] copying my_drone_package/battery_gps_node.py -> /home/usuario/Documentos/GitHub/IR2136/prac3_ws/build/my_drone_package/build/lib/my_drone_package
[1.634s] copying my_drone_package/mission_control_node.py -> /home/usuario/Documentos/GitHub/IR2136/prac3_ws/build/my_drone_package/build/lib/my_drone_package
[1.635s] copying my_drone_package/__init__.py -> /home/usuario/Documentos/GitHub/IR2136/prac3_ws/build/my_drone_package/build/lib/my_drone_package
[1.635s] running install
[1.639s] running install_lib
[1.674s] running install_egg_info
[1.709s] removing '/home/usuario/Documentos/GitHub/IR2136/prac3_ws/install/my_drone_package/lib/python3.10/site-packages/my_drone_package-0.1.0-py3.10.egg-info' (and everything under it)
[1.709s] Copying ../../build/my_drone_package/my_drone_package.egg-info to /home/usuario/Documentos/GitHub/IR2136/prac3_ws/install/my_drone_package/lib/python3.10/site-packages/my_drone_package-0.1.0-py3.10.egg-info
[1.716s] running install_scripts
[1.919s] Installing battery_gps_node script to /home/usuario/Documentos/GitHub/IR2136/prac3_ws/install/my_drone_package/bin
[1.919s] Installing mission_control_node script to /home/usuario/Documentos/GitHub/IR2136/prac3_ws/install/my_drone_package/bin
[1.920s] writing list of installed files to '/home/usuario/Documentos/GitHub/IR2136/prac3_ws/build/my_drone_package/install.log'
[1.939s] Invoked command in '/home/usuario/Documentos/GitHub/IR2136/prac3_ws/src/my_drone_package' returned '0': PYTHONPATH=/home/usuario/Documentos/GitHub/IR2136/prac3_ws/build/my_drone_package/prefix_override:/usr/lib/python3/dist-packages/colcon_core/task/python/colcon_distutils_commands:/home/usuario/Documentos/GitHub/IR2136/prac3_ws/install/my_drone_package/lib/python3.10/site-packages:${PYTHONPATH} /usr/bin/python3 -W ignore:setup.py install is deprecated -W ignore:easy_install command is deprecated setup.py egg_info --egg-base ../../build/my_drone_package build --build-base /home/usuario/Documentos/GitHub/IR2136/prac3_ws/build/my_drone_package/build install --record /home/usuario/Documentos/GitHub/IR2136/prac3_ws/build/my_drone_package/install.log --single-version-externally-managed
