[0.029s] Invoking command in '/home/usuario/Documentos/GitHub/IR2136/prac3_ws/build/examples_rclcpp_wait_set': CMAKE_PREFIX_PATH=/opt/ros/humble /usr/bin/cmake /home/usuario/Documentos/GitHub/IR2136/prac3_ws/src/examples/rclcpp/wait_set -DAMENT_CMAKE_SYMLINK_INSTALL=1 -DCMAKE_INSTALL_PREFIX=/home/usuario/Documentos/GitHub/IR2136/prac3_ws/install/examples_rclcpp_wait_set
[1.786s] -- The C compiler identification is GNU 10.5.0
[1.786s] -- The CXX compiler identification is GNU 10.5.0
[1.786s] -- Detecting C compiler ABI info
[1.786s] -- Detecting C compiler ABI info - done
[1.786s] -- Check for working C compiler: /usr/bin/cc - skipped
[1.786s] -- Detecting C compile features
[1.786s] -- Detecting C compile features - done
[1.786s] -- Detecting CXX compiler ABI info
[1.786s] -- Detecting CXX compiler ABI info - done
[1.786s] -- Check for working CXX compiler: /usr/bin/c++ - skipped
[1.786s] -- Detecting CXX compile features
[1.786s] -- Detecting CXX compile features - done
[1.786s] -- Found ament_cmake: 1.3.11 (/opt/ros/humble/share/ament_cmake/cmake)
[1.812s] -- Found Python3: /usr/bin/python3 (found version "3.10.12") found components: Interpreter 
[1.935s] -- Override CMake install command with custom implementation using symlinks instead of copying resources
[1.999s] -- Found example_interfaces: 0.9.3 (/opt/ros/humble/share/example_interfaces/cmake)
[2.081s] -- Found rosidl_generator_c: 3.1.6 (/opt/ros/humble/share/rosidl_generator_c/cmake)
[2.085s] -- Found rosidl_adapter: 3.1.6 (/opt/ros/humble/share/rosidl_adapter/cmake)
[2.105s] -- Found rosidl_generator_cpp: 3.1.6 (/opt/ros/humble/share/rosidl_generator_cpp/cmake)
[2.130s] -- Using all available rosidl_typesupport_c: rosidl_typesupport_fastrtps_c;rosidl_typesupport_introspection_c
[2.144s] -- Using all available rosidl_typesupport_cpp: rosidl_typesupport_fastrtps_cpp;rosidl_typesupport_introspection_cpp
[2.204s] -- Found rclcpp: 16.0.11 (/opt/ros/humble/share/rclcpp/cmake)
[2.267s] -- Found rmw_implementation_cmake: 6.1.2 (/opt/ros/humble/share/rmw_implementation_cmake/cmake)
[2.271s] -- Found rmw_fastrtps_cpp: 6.2.7 (/opt/ros/humble/share/rmw_fastrtps_cpp/cmake)
[2.598s] -- Found OpenSSL: /usr/lib/x86_64-linux-gnu/libcrypto.so (found version "3.0.2")  
[2.668s] -- Found FastRTPS: /opt/ros/humble/include  
[2.793s] -- Using RMW implementation 'rmw_fastrtps_cpp' as default
[2.823s] -- Looking for pthread.h
[3.019s] -- Looking for pthread.h - found
[3.020s] -- Performing Test CMAKE_HAVE_LIBC_PTHREAD
[3.313s] -- Performing Test CMAKE_HAVE_LIBC_PTHREAD - Success
[3.314s] -- Found Threads: TRUE  
[3.425s] -- Found rclcpp_components: 16.0.11 (/opt/ros/humble/share/rclcpp_components/cmake)
[3.490s] -- Found ament_lint_auto: 0.12.11 (/opt/ros/humble/share/ament_lint_auto/cmake)
[3.660s] -- Added test 'copyright' to check source files copyright and LICENSE
[3.662s] -- Added test 'cppcheck' to perform static code analysis on C / C++ code
[3.662s] -- Configured cppcheck include dirs: /home/usuario/Documentos/GitHub/IR2136/prac3_ws/src/examples/rclcpp/wait_set/include
[3.663s] -- Configured cppcheck exclude dirs and/or files: 
[3.664s] -- Added test 'cpplint' to check C / C++ code against the Google style
[3.664s] -- Configured cpplint exclude dirs and/or files: 
[3.665s] -- Added test 'lint_cmake' to check CMake code style
[3.673s] -- Added test 'uncrustify' to check C / C++ code style
[3.674s] -- Configured uncrustify additional arguments: 
[3.674s] -- Added test 'xmllint' to check XML markup files
[3.680s] -- Configuring done
[3.806s] -- Generating done
[3.867s] -- Build files have been written to: /home/usuario/Documentos/GitHub/IR2136/prac3_ws/build/examples_rclcpp_wait_set
[3.893s] Invoked command in '/home/usuario/Documentos/GitHub/IR2136/prac3_ws/build/examples_rclcpp_wait_set' returned '0': CMAKE_PREFIX_PATH=/opt/ros/humble /usr/bin/cmake /home/usuario/Documentos/GitHub/IR2136/prac3_ws/src/examples/rclcpp/wait_set -DAMENT_CMAKE_SYMLINK_INSTALL=1 -DCMAKE_INSTALL_PREFIX=/home/usuario/Documentos/GitHub/IR2136/prac3_ws/install/examples_rclcpp_wait_set
[3.915s] Invoking command in '/home/usuario/Documentos/GitHub/IR2136/prac3_ws/build/examples_rclcpp_wait_set': CMAKE_PREFIX_PATH=/opt/ros/humble /usr/bin/cmake --build /home/usuario/Documentos/GitHub/IR2136/prac3_ws/build/examples_rclcpp_wait_set -- -j6 -l6
[4.150s] [  4%] [32mBuilding CXX object CMakeFiles/talker.dir/src/talker.cpp.o[0m
[10.598s] [  8%] [32m[1mLinking CXX shared library libtalker.so[0m
[12.041s] [  8%] Built target talker
[12.108s] [ 12%] [32mBuilding CXX object CMakeFiles/static_wait_set.dir/src/static_wait_set.cpp.o[0m
[18.948s] [ 16%] [32m[1mLinking CXX executable static_wait_set[0m
[20.066s] [ 16%] Built target static_wait_set
[20.094s] [ 20%] [32mBuilding CXX object CMakeFiles/thread_safe_wait_set.dir/src/thread_safe_wait_set.cpp.o[0m
[27.393s] [ 25%] [32m[1mLinking CXX executable thread_safe_wait_set[0m
[28.678s] [ 25%] Built target thread_safe_wait_set
[28.705s] [ 29%] [32mBuilding CXX object CMakeFiles/wait_set_topics_and_timer.dir/src/wait_set_topics_and_timer.cpp.o[0m
[35.896s] [ 33%] [32m[1mLinking CXX executable wait_set_topics_and_timer[0m
[37.117s] [ 33%] Built target wait_set_topics_and_timer
[37.144s] [ 37%] [32mBuilding CXX object CMakeFiles/wait_set_random_order.dir/src/wait_set_random_order.cpp.o[0m
[41.165s] [ 41%] [32mBuilding CXX object CMakeFiles/executor_random_order.dir/src/executor_random_order.cpp.o[0m
[42.184s] [ 45%] [32mBuilding CXX object CMakeFiles/wait_set.dir/src/wait_set.cpp.o[0m
[43.227s] [ 50%] [32mBuilding CXX object CMakeFiles/wait_set_listener.dir/rclcpp_components/node_main_wait_set_listener.cpp.o[0m
[44.239s] [ 54%] [32mBuilding CXX object CMakeFiles/listener.dir/src/listener.cpp.o[0m
[44.735s] [ 58%] [32m[1mLinking CXX executable wait_set_random_order[0m
[45.336s] [ 62%] [32mBuilding CXX object CMakeFiles/wait_set_talker.dir/rclcpp_components/node_main_wait_set_talker.cpp.o[0m
[46.237s] [ 62%] Built target wait_set_random_order
[46.318s] [ 66%] [32m[1mLinking CXX executable wait_set_listener[0m
[46.572s] [ 66%] Built target wait_set_listener
[48.472s] [ 70%] [32m[1mLinking CXX executable wait_set_talker[0m
[48.547s] [ 75%] [32m[1mLinking CXX executable executor_random_order[0m
[48.757s] [ 75%] Built target wait_set_talker
[49.822s] [ 75%] Built target executor_random_order
[50.242s] [ 79%] [32m[1mLinking CXX executable wait_set[0m
[51.634s] [ 79%] Built target wait_set
[51.661s] [ 83%] [32mBuilding CXX object CMakeFiles/wait_set_topics_with_different_rates.dir/src/wait_set_topics_with_different_rates.cpp.o[0m
[52.402s] [ 87%] [32m[1mLinking CXX shared library liblistener.so[0m
[53.717s] [ 87%] Built target listener
[53.744s] [ 91%] [32mBuilding CXX object CMakeFiles/wait_set_composed.dir/src/wait_set_composed.cpp.o[0m
[56.184s] [ 95%] [32m[1mLinking CXX executable wait_set_composed[0m
[56.404s] [ 95%] Built target wait_set_composed
[58.824s] [100%] [32m[1mLinking CXX executable wait_set_topics_with_different_rates[0m
[60.045s] [100%] Built target wait_set_topics_with_different_rates
[60.056s] Invoked command in '/home/usuario/Documentos/GitHub/IR2136/prac3_ws/build/examples_rclcpp_wait_set' returned '0': CMAKE_PREFIX_PATH=/opt/ros/humble /usr/bin/cmake --build /home/usuario/Documentos/GitHub/IR2136/prac3_ws/build/examples_rclcpp_wait_set -- -j6 -l6
[60.059s] Invoking command in '/home/usuario/Documentos/GitHub/IR2136/prac3_ws/build/examples_rclcpp_wait_set': CMAKE_PREFIX_PATH=/opt/ros/humble /usr/bin/cmake --install /home/usuario/Documentos/GitHub/IR2136/prac3_ws/build/examples_rclcpp_wait_set
[60.067s] -- Install configuration: ""
[60.068s] -- Execute custom install script
[60.069s] -- Symlinking: /home/usuario/Documentos/GitHub/IR2136/prac3_ws/install/examples_rclcpp_wait_set/lib/examples_rclcpp_wait_set/wait_set_talker
[60.079s] -- Symlinking: /home/usuario/Documentos/GitHub/IR2136/prac3_ws/install/examples_rclcpp_wait_set/lib/examples_rclcpp_wait_set/wait_set_listener
[60.089s] -- Symlinking: /home/usuario/Documentos/GitHub/IR2136/prac3_ws/install/examples_rclcpp_wait_set/lib/libtalker.so
[60.097s] -- Symlinking: /home/usuario/Documentos/GitHub/IR2136/prac3_ws/install/examples_rclcpp_wait_set/lib/liblistener.so
[60.107s] -- Symlinking: /home/usuario/Documentos/GitHub/IR2136/prac3_ws/install/examples_rclcpp_wait_set/lib/examples_rclcpp_wait_set/wait_set
[60.116s] -- Symlinking: /home/usuario/Documentos/GitHub/IR2136/prac3_ws/install/examples_rclcpp_wait_set/lib/examples_rclcpp_wait_set/static_wait_set
[60.125s] -- Symlinking: /home/usuario/Documentos/GitHub/IR2136/prac3_ws/install/examples_rclcpp_wait_set/lib/examples_rclcpp_wait_set/thread_safe_wait_set
[60.134s] -- Symlinking: /home/usuario/Documentos/GitHub/IR2136/prac3_ws/install/examples_rclcpp_wait_set/lib/examples_rclcpp_wait_set/wait_set_topics_and_timer
[60.143s] -- Symlinking: /home/usuario/Documentos/GitHub/IR2136/prac3_ws/install/examples_rclcpp_wait_set/lib/examples_rclcpp_wait_set/wait_set_random_order
[60.152s] -- Symlinking: /home/usuario/Documentos/GitHub/IR2136/prac3_ws/install/examples_rclcpp_wait_set/lib/examples_rclcpp_wait_set/executor_random_order
[60.160s] -- Symlinking: /home/usuario/Documentos/GitHub/IR2136/prac3_ws/install/examples_rclcpp_wait_set/lib/examples_rclcpp_wait_set/wait_set_topics_with_different_rates
[60.169s] -- Symlinking: /home/usuario/Documentos/GitHub/IR2136/prac3_ws/install/examples_rclcpp_wait_set/lib/examples_rclcpp_wait_set/wait_set_composed
[60.178s] -- Symlinking: /home/usuario/Documentos/GitHub/IR2136/prac3_ws/install/examples_rclcpp_wait_set/share/ament_index/resource_index/package_run_dependencies/examples_rclcpp_wait_set
[60.187s] -- Symlinking: /home/usuario/Documentos/GitHub/IR2136/prac3_ws/install/examples_rclcpp_wait_set/share/ament_index/resource_index/parent_prefix_path/examples_rclcpp_wait_set
[60.196s] -- Symlinking: /home/usuario/Documentos/GitHub/IR2136/prac3_ws/install/examples_rclcpp_wait_set/share/examples_rclcpp_wait_set/environment/ament_prefix_path.sh
[60.205s] -- Symlinking: /home/usuario/Documentos/GitHub/IR2136/prac3_ws/install/examples_rclcpp_wait_set/share/examples_rclcpp_wait_set/environment/ament_prefix_path.dsv
[60.214s] -- Symlinking: /home/usuario/Documentos/GitHub/IR2136/prac3_ws/install/examples_rclcpp_wait_set/share/examples_rclcpp_wait_set/environment/path.sh
[60.223s] -- Symlinking: /home/usuario/Documentos/GitHub/IR2136/prac3_ws/install/examples_rclcpp_wait_set/share/examples_rclcpp_wait_set/environment/path.dsv
[60.232s] -- Symlinking: /home/usuario/Documentos/GitHub/IR2136/prac3_ws/install/examples_rclcpp_wait_set/share/examples_rclcpp_wait_set/local_setup.bash
[60.241s] -- Symlinking: /home/usuario/Documentos/GitHub/IR2136/prac3_ws/install/examples_rclcpp_wait_set/share/examples_rclcpp_wait_set/local_setup.sh
[60.250s] -- Symlinking: /home/usuario/Documentos/GitHub/IR2136/prac3_ws/install/examples_rclcpp_wait_set/share/examples_rclcpp_wait_set/local_setup.zsh
[60.259s] -- Symlinking: /home/usuario/Documentos/GitHub/IR2136/prac3_ws/install/examples_rclcpp_wait_set/share/examples_rclcpp_wait_set/local_setup.dsv
[60.268s] -- Symlinking: /home/usuario/Documentos/GitHub/IR2136/prac3_ws/install/examples_rclcpp_wait_set/share/examples_rclcpp_wait_set/package.dsv
[60.276s] -- Symlinking: /home/usuario/Documentos/GitHub/IR2136/prac3_ws/install/examples_rclcpp_wait_set/share/ament_index/resource_index/packages/examples_rclcpp_wait_set
[60.286s] -- Symlinking: /home/usuario/Documentos/GitHub/IR2136/prac3_ws/install/examples_rclcpp_wait_set/share/ament_index/resource_index/rclcpp_components/examples_rclcpp_wait_set
[60.295s] -- Symlinking: /home/usuario/Documentos/GitHub/IR2136/prac3_ws/install/examples_rclcpp_wait_set/share/examples_rclcpp_wait_set/cmake/examples_rclcpp_wait_setConfig.cmake
[60.304s] -- Symlinking: /home/usuario/Documentos/GitHub/IR2136/prac3_ws/install/examples_rclcpp_wait_set/share/examples_rclcpp_wait_set/cmake/examples_rclcpp_wait_setConfig-version.cmake
[60.313s] -- Symlinking: /home/usuario/Documentos/GitHub/IR2136/prac3_ws/install/examples_rclcpp_wait_set/share/examples_rclcpp_wait_set/package.xml
[60.324s] Invoked command in '/home/usuario/Documentos/GitHub/IR2136/prac3_ws/build/examples_rclcpp_wait_set' returned '0': CMAKE_PREFIX_PATH=/opt/ros/humble /usr/bin/cmake --install /home/usuario/Documentos/GitHub/IR2136/prac3_ws/build/examples_rclcpp_wait_set
