[0.021s] Invoking command in '/home/usuario/Documentos/GitHub/IR2136/prac3_ws/build/examples_rclcpp_minimal_action_client': CMAKE_PREFIX_PATH=/opt/ros/humble /usr/bin/cmake /home/usuario/Documentos/GitHub/IR2136/prac3_ws/src/examples/rclcpp/actions/minimal_action_client -DAMENT_CMAKE_SYMLINK_INSTALL=1 -DCMAKE_INSTALL_PREFIX=/home/usuario/Documentos/GitHub/IR2136/prac3_ws/install/examples_rclcpp_minimal_action_client
[0.089s] -- The C compiler identification is GNU 10.5.0
[0.165s] -- The CXX compiler identification is GNU 10.5.0
[0.177s] -- Detecting C compiler ABI info
[0.281s] -- Detecting C compiler ABI info - done
[0.290s] -- Check for working C compiler: /usr/bin/cc - skipped
[0.290s] -- Detecting C compile features
[0.290s] -- Detecting C compile features - done
[0.296s] -- Detecting CXX compiler ABI info
[0.433s] -- Detecting CXX compiler ABI info - done
[0.442s] -- Check for working CXX compiler: /usr/bin/c++ - skipped
[0.443s] -- Detecting CXX compile features
[0.443s] -- Detecting CXX compile features - done
[0.450s] -- Found ament_cmake: 1.3.11 (/opt/ros/humble/share/ament_cmake/cmake)
[0.607s] -- Found Python3: /usr/bin/python3 (found version "3.10.12") found components: Interpreter 
[0.659s] -- Override CMake install command with custom implementation using symlinks instead of copying resources
[0.695s] -- Found example_interfaces: 0.9.3 (/opt/ros/humble/share/example_interfaces/cmake)
[0.736s] -- Found rosidl_generator_c: 3.1.6 (/opt/ros/humble/share/rosidl_generator_c/cmake)
[0.741s] -- Found rosidl_adapter: 3.1.6 (/opt/ros/humble/share/rosidl_adapter/cmake)
[0.749s] -- Found rosidl_generator_cpp: 3.1.6 (/opt/ros/humble/share/rosidl_generator_cpp/cmake)
[0.759s] -- Using all available rosidl_typesupport_c: rosidl_typesupport_fastrtps_c;rosidl_typesupport_introspection_c
[0.773s] -- Using all available rosidl_typesupport_cpp: rosidl_typesupport_fastrtps_cpp;rosidl_typesupport_introspection_cpp
[0.815s] -- Found rclcpp: 16.0.11 (/opt/ros/humble/share/rclcpp/cmake)
[0.850s] -- Found rmw_implementation_cmake: 6.1.2 (/opt/ros/humble/share/rmw_implementation_cmake/cmake)
[0.852s] -- Found rmw_fastrtps_cpp: 6.2.7 (/opt/ros/humble/share/rmw_fastrtps_cpp/cmake)
[0.960s] -- Found OpenSSL: /usr/lib/x86_64-linux-gnu/libcrypto.so (found version "3.0.2")  
[0.998s] -- Found FastRTPS: /opt/ros/humble/include  
[1.055s] -- Using RMW implementation 'rmw_fastrtps_cpp' as default
[1.066s] -- Looking for pthread.h
[1.175s] -- Looking for pthread.h - found
[1.182s] -- Performing Test CMAKE_HAVE_LIBC_PTHREAD
[1.320s] -- Performing Test CMAKE_HAVE_LIBC_PTHREAD - Success
[1.321s] -- Found Threads: TRUE  
[1.381s] -- Found rclcpp_action: 16.0.11 (/opt/ros/humble/share/rclcpp_action/cmake)
[1.394s] -- Found ament_lint_auto: 0.12.11 (/opt/ros/humble/share/ament_lint_auto/cmake)
[1.495s] -- Added test 'copyright' to check source files copyright and LICENSE
[1.496s] -- Added test 'cppcheck' to perform static code analysis on C / C++ code
[1.497s] -- Configured cppcheck include dirs: 
[1.497s] -- Configured cppcheck exclude dirs and/or files: 
[1.497s] -- Added test 'cpplint' to check C / C++ code against the Google style
[1.497s] -- Configured cpplint exclude dirs and/or files: 
[1.497s] -- Added test 'lint_cmake' to check CMake code style
[1.498s] -- Added test 'uncrustify' to check C / C++ code style
[1.498s] -- Configured uncrustify additional arguments: 
[1.498s] -- Added test 'xmllint' to check XML markup files
[1.504s] -- Configuring done
[1.537s] -- Generating done
[1.561s] -- Build files have been written to: /home/usuario/Documentos/GitHub/IR2136/prac3_ws/build/examples_rclcpp_minimal_action_client
[1.578s] Invoked command in '/home/usuario/Documentos/GitHub/IR2136/prac3_ws/build/examples_rclcpp_minimal_action_client' returned '0': CMAKE_PREFIX_PATH=/opt/ros/humble /usr/bin/cmake /home/usuario/Documentos/GitHub/IR2136/prac3_ws/src/examples/rclcpp/actions/minimal_action_client -DAMENT_CMAKE_SYMLINK_INSTALL=1 -DCMAKE_INSTALL_PREFIX=/home/usuario/Documentos/GitHub/IR2136/prac3_ws/install/examples_rclcpp_minimal_action_client
[1.581s] Invoking command in '/home/usuario/Documentos/GitHub/IR2136/prac3_ws/build/examples_rclcpp_minimal_action_client': CMAKE_PREFIX_PATH=/opt/ros/humble /usr/bin/cmake --build /home/usuario/Documentos/GitHub/IR2136/prac3_ws/build/examples_rclcpp_minimal_action_client -- -j6 -l6
[10.825s] [ 12%] [32mBuilding CXX object CMakeFiles/action_client_member_functions.dir/member_functions.cpp.o[0m
[10.825s] [ 25%] [32mBuilding CXX object CMakeFiles/action_client_not_composable.dir/not_composable.cpp.o[0m
[10.825s] [ 37%] [32mBuilding CXX object CMakeFiles/action_client_not_composable_with_cancel.dir/not_composable_with_cancel.cpp.o[0m
[10.825s] [ 50%] [32mBuilding CXX object CMakeFiles/action_client_not_composable_with_feedback.dir/not_composable_with_feedback.cpp.o[0m
[10.825s] [ 62%] [32m[1mLinking CXX executable action_client_not_composable[0m
[11.000s] [ 62%] Built target action_client_not_composable
[12.140s] [ 75%] [32m[1mLinking CXX executable action_client_not_composable_with_cancel[0m
[12.389s] [ 87%] [32m[1mLinking CXX executable action_client_not_composable_with_feedback[0m
[12.841s] [100%] [32m[1mLinking CXX executable action_client_member_functions[0m
[13.254s] [100%] Built target action_client_not_composable_with_cancel
[13.379s] [100%] Built target action_client_not_composable_with_feedback
[13.815s] [100%] Built target action_client_member_functions
[13.852s] Invoked command in '/home/usuario/Documentos/GitHub/IR2136/prac3_ws/build/examples_rclcpp_minimal_action_client' returned '0': CMAKE_PREFIX_PATH=/opt/ros/humble /usr/bin/cmake --build /home/usuario/Documentos/GitHub/IR2136/prac3_ws/build/examples_rclcpp_minimal_action_client -- -j6 -l6
[13.864s] Invoking command in '/home/usuario/Documentos/GitHub/IR2136/prac3_ws/build/examples_rclcpp_minimal_action_client': CMAKE_PREFIX_PATH=/opt/ros/humble /usr/bin/cmake --install /home/usuario/Documentos/GitHub/IR2136/prac3_ws/build/examples_rclcpp_minimal_action_client
[13.883s] -- Install configuration: ""
[13.884s] -- Execute custom install script
[13.886s] -- Symlinking: /home/usuario/Documentos/GitHub/IR2136/prac3_ws/install/examples_rclcpp_minimal_action_client/lib/examples_rclcpp_minimal_action_client/action_client_member_functions
[13.912s] -- Symlinking: /home/usuario/Documentos/GitHub/IR2136/prac3_ws/install/examples_rclcpp_minimal_action_client/lib/examples_rclcpp_minimal_action_client/action_client_not_composable
[13.930s] -- Symlinking: /home/usuario/Documentos/GitHub/IR2136/prac3_ws/install/examples_rclcpp_minimal_action_client/lib/examples_rclcpp_minimal_action_client/action_client_not_composable_with_cancel
[13.949s] -- Symlinking: /home/usuario/Documentos/GitHub/IR2136/prac3_ws/install/examples_rclcpp_minimal_action_client/lib/examples_rclcpp_minimal_action_client/action_client_not_composable_with_feedback
[13.963s] -- Symlinking: /home/usuario/Documentos/GitHub/IR2136/prac3_ws/install/examples_rclcpp_minimal_action_client/share/ament_index/resource_index/package_run_dependencies/examples_rclcpp_minimal_action_client
[13.986s] -- Symlinking: /home/usuario/Documentos/GitHub/IR2136/prac3_ws/install/examples_rclcpp_minimal_action_client/share/ament_index/resource_index/parent_prefix_path/examples_rclcpp_minimal_action_client
[14.000s] -- Symlinking: /home/usuario/Documentos/GitHub/IR2136/prac3_ws/install/examples_rclcpp_minimal_action_client/share/examples_rclcpp_minimal_action_client/environment/ament_prefix_path.sh
[14.020s] -- Symlinking: /home/usuario/Documentos/GitHub/IR2136/prac3_ws/install/examples_rclcpp_minimal_action_client/share/examples_rclcpp_minimal_action_client/environment/ament_prefix_path.dsv
[14.043s] -- Symlinking: /home/usuario/Documentos/GitHub/IR2136/prac3_ws/install/examples_rclcpp_minimal_action_client/share/examples_rclcpp_minimal_action_client/environment/path.sh
[14.062s] -- Symlinking: /home/usuario/Documentos/GitHub/IR2136/prac3_ws/install/examples_rclcpp_minimal_action_client/share/examples_rclcpp_minimal_action_client/environment/path.dsv
[14.086s] -- Symlinking: /home/usuario/Documentos/GitHub/IR2136/prac3_ws/install/examples_rclcpp_minimal_action_client/share/examples_rclcpp_minimal_action_client/local_setup.bash
[14.103s] -- Symlinking: /home/usuario/Documentos/GitHub/IR2136/prac3_ws/install/examples_rclcpp_minimal_action_client/share/examples_rclcpp_minimal_action_client/local_setup.sh
[14.118s] -- Symlinking: /home/usuario/Documentos/GitHub/IR2136/prac3_ws/install/examples_rclcpp_minimal_action_client/share/examples_rclcpp_minimal_action_client/local_setup.zsh
[14.141s] -- Symlinking: /home/usuario/Documentos/GitHub/IR2136/prac3_ws/install/examples_rclcpp_minimal_action_client/share/examples_rclcpp_minimal_action_client/local_setup.dsv
[14.163s] -- Symlinking: /home/usuario/Documentos/GitHub/IR2136/prac3_ws/install/examples_rclcpp_minimal_action_client/share/examples_rclcpp_minimal_action_client/package.dsv
[14.189s] -- Symlinking: /home/usuario/Documentos/GitHub/IR2136/prac3_ws/install/examples_rclcpp_minimal_action_client/share/ament_index/resource_index/packages/examples_rclcpp_minimal_action_client
[14.209s] -- Symlinking: /home/usuario/Documentos/GitHub/IR2136/prac3_ws/install/examples_rclcpp_minimal_action_client/share/examples_rclcpp_minimal_action_client/cmake/examples_rclcpp_minimal_action_clientConfig.cmake
[14.244s] -- Symlinking: /home/usuario/Documentos/GitHub/IR2136/prac3_ws/install/examples_rclcpp_minimal_action_client/share/examples_rclcpp_minimal_action_client/cmake/examples_rclcpp_minimal_action_clientConfig-version.cmake
[14.268s] -- Symlinking: /home/usuario/Documentos/GitHub/IR2136/prac3_ws/install/examples_rclcpp_minimal_action_client/share/examples_rclcpp_minimal_action_client/package.xml
[14.281s] Invoked command in '/home/usuario/Documentos/GitHub/IR2136/prac3_ws/build/examples_rclcpp_minimal_action_client' returned '0': CMAKE_PREFIX_PATH=/opt/ros/humble /usr/bin/cmake --install /home/usuario/Documentos/GitHub/IR2136/prac3_ws/build/examples_rclcpp_minimal_action_client
