[1.512s] Invoking command in '/home/usuario/Documentos/GitHub/IR2136/prac3_ws/build/examples_rclpy_minimal_action_client': PYTHONPATH=/home/usuario/Documentos/GitHub/IR2136/prac3_ws/build/examples_rclpy_minimal_action_client/prefix_override:/usr/lib/python3/dist-packages/colcon_core/task/python/colcon_distutils_commands:/home/usuario/Documentos/GitHub/IR2136/prac3_ws/install/examples_rclpy_minimal_action_client/lib/python3.10/site-packages:${PYTHONPATH} /usr/bin/python3 -W ignore:setup.py install is deprecated -W ignore:easy_install command is deprecated setup.py develop --editable --build-directory /home/usuario/Documentos/GitHub/IR2136/prac3_ws/build/examples_rclpy_minimal_action_client/build --no-deps symlink_data
[2.105s] running develop
[2.490s] running egg_info
[2.490s] creating examples_rclpy_minimal_action_client.egg-info
[2.491s] writing examples_rclpy_minimal_action_client.egg-info/PKG-INFO
[2.492s] writing dependency_links to examples_rclpy_minimal_action_client.egg-info/dependency_links.txt
[2.493s] writing entry points to examples_rclpy_minimal_action_client.egg-info/entry_points.txt
[2.494s] writing requirements to examples_rclpy_minimal_action_client.egg-info/requires.txt
[2.495s] writing top-level names to examples_rclpy_minimal_action_client.egg-info/top_level.txt
[2.495s] writing manifest file 'examples_rclpy_minimal_action_client.egg-info/SOURCES.txt'
[2.498s] reading manifest file 'examples_rclpy_minimal_action_client.egg-info/SOURCES.txt'
[2.500s] writing manifest file 'examples_rclpy_minimal_action_client.egg-info/SOURCES.txt'
[2.576s] running build_ext
[2.577s] Creating /home/usuario/Documentos/GitHub/IR2136/prac3_ws/install/examples_rclpy_minimal_action_client/lib/python3.10/site-packages/examples-rclpy-minimal-action-client.egg-link (link to .)
[2.585s] Installing client script to /home/usuario/Documentos/GitHub/IR2136/prac3_ws/install/examples_rclpy_minimal_action_client/lib/examples_rclpy_minimal_action_client
[2.586s] Installing client_asyncio script to /home/usuario/Documentos/GitHub/IR2136/prac3_ws/install/examples_rclpy_minimal_action_client/lib/examples_rclpy_minimal_action_client
[2.586s] Installing client_cancel script to /home/usuario/Documentos/GitHub/IR2136/prac3_ws/install/examples_rclpy_minimal_action_client/lib/examples_rclpy_minimal_action_client
[2.586s] Installing client_not_composable script to /home/usuario/Documentos/GitHub/IR2136/prac3_ws/install/examples_rclpy_minimal_action_client/lib/examples_rclpy_minimal_action_client
[2.587s] 
[2.587s] Installed /home/usuario/Documentos/GitHub/IR2136/prac3_ws/build/examples_rclpy_minimal_action_client
[2.589s] running symlink_data
[2.589s] creating /home/usuario/Documentos/GitHub/IR2136/prac3_ws/install/examples_rclpy_minimal_action_client/share/ament_index
[2.589s] creating /home/usuario/Documentos/GitHub/IR2136/prac3_ws/install/examples_rclpy_minimal_action_client/share/ament_index/resource_index
[2.589s] creating /home/usuario/Documentos/GitHub/IR2136/prac3_ws/install/examples_rclpy_minimal_action_client/share/ament_index/resource_index/packages
[2.589s] symbolically linking /home/usuario/Documentos/GitHub/IR2136/prac3_ws/build/examples_rclpy_minimal_action_client/resource/examples_rclpy_minimal_action_client -> /home/usuario/Documentos/GitHub/IR2136/prac3_ws/install/examples_rclpy_minimal_action_client/share/ament_index/resource_index/packages
[2.589s] symbolically linking /home/usuario/Documentos/GitHub/IR2136/prac3_ws/build/examples_rclpy_minimal_action_client/package.xml -> /home/usuario/Documentos/GitHub/IR2136/prac3_ws/install/examples_rclpy_minimal_action_client/share/examples_rclpy_minimal_action_client
[2.721s] Invoked command in '/home/usuario/Documentos/GitHub/IR2136/prac3_ws/build/examples_rclpy_minimal_action_client' returned '0': PYTHONPATH=/home/usuario/Documentos/GitHub/IR2136/prac3_ws/build/examples_rclpy_minimal_action_client/prefix_override:/usr/lib/python3/dist-packages/colcon_core/task/python/colcon_distutils_commands:/home/usuario/Documentos/GitHub/IR2136/prac3_ws/install/examples_rclpy_minimal_action_client/lib/python3.10/site-packages:${PYTHONPATH} /usr/bin/python3 -W ignore:setup.py install is deprecated -W ignore:easy_install command is deprecated setup.py develop --editable --build-directory /home/usuario/Documentos/GitHub/IR2136/prac3_ws/build/examples_rclpy_minimal_action_client/build --no-deps symlink_data
