[1.492s] Invoking command in '/home/usuario/Documentos/GitHub/IR2136/prac3_ws/build/examples_rclpy_minimal_service': PYTHONPATH=/home/usuario/Documentos/GitHub/IR2136/prac3_ws/build/examples_rclpy_minimal_service/prefix_override:/usr/lib/python3/dist-packages/colcon_core/task/python/colcon_distutils_commands:/home/usuario/Documentos/GitHub/IR2136/prac3_ws/install/examples_rclpy_minimal_service/lib/python3.10/site-packages:${PYTHONPATH} /usr/bin/python3 -W ignore:setup.py install is deprecated -W ignore:easy_install command is deprecated setup.py develop --editable --build-directory /home/usuario/Documentos/GitHub/IR2136/prac3_ws/build/examples_rclpy_minimal_service/build --no-deps symlink_data
[1.853s] running develop
[2.095s] running egg_info
[2.095s] creating examples_rclpy_minimal_service.egg-info
[2.096s] writing examples_rclpy_minimal_service.egg-info/PKG-INFO
[2.097s] writing dependency_links to examples_rclpy_minimal_service.egg-info/dependency_links.txt
[2.105s] writing entry points to examples_rclpy_minimal_service.egg-info/entry_points.txt
[2.106s] writing requirements to examples_rclpy_minimal_service.egg-info/requires.txt
[2.106s] writing top-level names to examples_rclpy_minimal_service.egg-info/top_level.txt
[2.106s] writing manifest file 'examples_rclpy_minimal_service.egg-info/SOURCES.txt'
[2.106s] reading manifest file 'examples_rclpy_minimal_service.egg-info/SOURCES.txt'
[2.114s] writing manifest file 'examples_rclpy_minimal_service.egg-info/SOURCES.txt'
[2.161s] running build_ext
[2.161s] Creating /home/usuario/Documentos/GitHub/IR2136/prac3_ws/install/examples_rclpy_minimal_service/lib/python3.10/site-packages/examples-rclpy-minimal-service.egg-link (link to .)
[2.173s] Installing service script to /home/usuario/Documentos/GitHub/IR2136/prac3_ws/install/examples_rclpy_minimal_service/lib/examples_rclpy_minimal_service
[2.173s] Installing service_member_function script to /home/usuario/Documentos/GitHub/IR2136/prac3_ws/install/examples_rclpy_minimal_service/lib/examples_rclpy_minimal_service
[2.176s] 
[2.176s] Installed /home/usuario/Documentos/GitHub/IR2136/prac3_ws/build/examples_rclpy_minimal_service
[2.178s] running symlink_data
[2.178s] creating /home/usuario/Documentos/GitHub/IR2136/prac3_ws/install/examples_rclpy_minimal_service/share/ament_index
[2.178s] creating /home/usuario/Documentos/GitHub/IR2136/prac3_ws/install/examples_rclpy_minimal_service/share/ament_index/resource_index
[2.178s] creating /home/usuario/Documentos/GitHub/IR2136/prac3_ws/install/examples_rclpy_minimal_service/share/ament_index/resource_index/packages
[2.178s] symbolically linking /home/usuario/Documentos/GitHub/IR2136/prac3_ws/build/examples_rclpy_minimal_service/resource/examples_rclpy_minimal_service -> /home/usuario/Documentos/GitHub/IR2136/prac3_ws/install/examples_rclpy_minimal_service/share/ament_index/resource_index/packages
[2.178s] symbolically linking /home/usuario/Documentos/GitHub/IR2136/prac3_ws/build/examples_rclpy_minimal_service/package.xml -> /home/usuario/Documentos/GitHub/IR2136/prac3_ws/install/examples_rclpy_minimal_service/share/examples_rclpy_minimal_service
[2.250s] Invoked command in '/home/usuario/Documentos/GitHub/IR2136/prac3_ws/build/examples_rclpy_minimal_service' returned '0': PYTHONPATH=/home/usuario/Documentos/GitHub/IR2136/prac3_ws/build/examples_rclpy_minimal_service/prefix_override:/usr/lib/python3/dist-packages/colcon_core/task/python/colcon_distutils_commands:/home/usuario/Documentos/GitHub/IR2136/prac3_ws/install/examples_rclpy_minimal_service/lib/python3.10/site-packages:${PYTHONPATH} /usr/bin/python3 -W ignore:setup.py install is deprecated -W ignore:easy_install command is deprecated setup.py develop --editable --build-directory /home/usuario/Documentos/GitHub/IR2136/prac3_ws/build/examples_rclpy_minimal_service/build --no-deps symlink_data
