[1.704s] Invoking command in '/home/usuario/Documentos/GitHub/IR2136/prac3_ws/build/examples_rclpy_minimal_publisher': PYTHONPATH=/home/usuario/Documentos/GitHub/IR2136/prac3_ws/build/examples_rclpy_minimal_publisher/prefix_override:/usr/lib/python3/dist-packages/colcon_core/task/python/colcon_distutils_commands:/home/usuario/Documentos/GitHub/IR2136/prac3_ws/install/examples_rclpy_minimal_publisher/lib/python3.10/site-packages:${PYTHONPATH} /usr/bin/python3 -W ignore:setup.py install is deprecated -W ignore:easy_install command is deprecated setup.py develop --editable --build-directory /home/usuario/Documentos/GitHub/IR2136/prac3_ws/build/examples_rclpy_minimal_publisher/build --no-deps symlink_data
[2.064s] running develop
[2.323s] running egg_info
[2.323s] creating examples_rclpy_minimal_publisher.egg-info
[2.324s] writing examples_rclpy_minimal_publisher.egg-info/PKG-INFO
[2.324s] writing dependency_links to examples_rclpy_minimal_publisher.egg-info/dependency_links.txt
[2.324s] writing entry points to examples_rclpy_minimal_publisher.egg-info/entry_points.txt
[2.325s] writing requirements to examples_rclpy_minimal_publisher.egg-info/requires.txt
[2.327s] writing top-level names to examples_rclpy_minimal_publisher.egg-info/top_level.txt
[2.328s] writing manifest file 'examples_rclpy_minimal_publisher.egg-info/SOURCES.txt'
[2.332s] reading manifest file 'examples_rclpy_minimal_publisher.egg-info/SOURCES.txt'
[2.334s] writing manifest file 'examples_rclpy_minimal_publisher.egg-info/SOURCES.txt'
[2.371s] running build_ext
[2.371s] Creating /home/usuario/Documentos/GitHub/IR2136/prac3_ws/install/examples_rclpy_minimal_publisher/lib/python3.10/site-packages/examples-rclpy-minimal-publisher.egg-link (link to .)
[2.380s] Installing publisher_local_function script to /home/usuario/Documentos/GitHub/IR2136/prac3_ws/install/examples_rclpy_minimal_publisher/lib/examples_rclpy_minimal_publisher
[2.382s] Installing publisher_member_function script to /home/usuario/Documentos/GitHub/IR2136/prac3_ws/install/examples_rclpy_minimal_publisher/lib/examples_rclpy_minimal_publisher
[2.382s] Installing publisher_old_school script to /home/usuario/Documentos/GitHub/IR2136/prac3_ws/install/examples_rclpy_minimal_publisher/lib/examples_rclpy_minimal_publisher
[2.386s] 
[2.386s] Installed /home/usuario/Documentos/GitHub/IR2136/prac3_ws/build/examples_rclpy_minimal_publisher
[2.387s] running symlink_data
[2.387s] creating /home/usuario/Documentos/GitHub/IR2136/prac3_ws/install/examples_rclpy_minimal_publisher/share/ament_index
[2.387s] creating /home/usuario/Documentos/GitHub/IR2136/prac3_ws/install/examples_rclpy_minimal_publisher/share/ament_index/resource_index
[2.387s] creating /home/usuario/Documentos/GitHub/IR2136/prac3_ws/install/examples_rclpy_minimal_publisher/share/ament_index/resource_index/packages
[2.387s] symbolically linking /home/usuario/Documentos/GitHub/IR2136/prac3_ws/build/examples_rclpy_minimal_publisher/resource/examples_rclpy_minimal_publisher -> /home/usuario/Documentos/GitHub/IR2136/prac3_ws/install/examples_rclpy_minimal_publisher/share/ament_index/resource_index/packages
[2.387s] symbolically linking /home/usuario/Documentos/GitHub/IR2136/prac3_ws/build/examples_rclpy_minimal_publisher/package.xml -> /home/usuario/Documentos/GitHub/IR2136/prac3_ws/install/examples_rclpy_minimal_publisher/share/examples_rclpy_minimal_publisher
[2.722s] Invoked command in '/home/usuario/Documentos/GitHub/IR2136/prac3_ws/build/examples_rclpy_minimal_publisher' returned '0': PYTHONPATH=/home/usuario/Documentos/GitHub/IR2136/prac3_ws/build/examples_rclpy_minimal_publisher/prefix_override:/usr/lib/python3/dist-packages/colcon_core/task/python/colcon_distutils_commands:/home/usuario/Documentos/GitHub/IR2136/prac3_ws/install/examples_rclpy_minimal_publisher/lib/python3.10/site-packages:${PYTHONPATH} /usr/bin/python3 -W ignore:setup.py install is deprecated -W ignore:easy_install command is deprecated setup.py develop --editable --build-directory /home/usuario/Documentos/GitHub/IR2136/prac3_ws/build/examples_rclpy_minimal_publisher/build --no-deps symlink_data
