[1.522s] Invoking command in '/home/usuario/Documentos/GitHub/IR2136/prac3_ws/build/examples_rclpy_minimal_action_server': PYTHONPATH=/home/usuario/Documentos/GitHub/IR2136/prac3_ws/build/examples_rclpy_minimal_action_server/prefix_override:/usr/lib/python3/dist-packages/colcon_core/task/python/colcon_distutils_commands:/home/usuario/Documentos/GitHub/IR2136/prac3_ws/install/examples_rclpy_minimal_action_server/lib/python3.10/site-packages:${PYTHONPATH} /usr/bin/python3 -W ignore:setup.py install is deprecated -W ignore:easy_install command is deprecated setup.py develop --editable --build-directory /home/usuario/Documentos/GitHub/IR2136/prac3_ws/build/examples_rclpy_minimal_action_server/build --no-deps symlink_data
[1.894s] running develop
[2.141s] running egg_info
[2.142s] creating examples_rclpy_minimal_action_server.egg-info
[2.144s] writing examples_rclpy_minimal_action_server.egg-info/PKG-INFO
[2.146s] writing dependency_links to examples_rclpy_minimal_action_server.egg-info/dependency_links.txt
[2.147s] writing entry points to examples_rclpy_minimal_action_server.egg-info/entry_points.txt
[2.148s] writing requirements to examples_rclpy_minimal_action_server.egg-info/requires.txt
[2.149s] writing top-level names to examples_rclpy_minimal_action_server.egg-info/top_level.txt
[2.151s] writing manifest file 'examples_rclpy_minimal_action_server.egg-info/SOURCES.txt'
[2.154s] reading manifest file 'examples_rclpy_minimal_action_server.egg-info/SOURCES.txt'
[2.160s] writing manifest file 'examples_rclpy_minimal_action_server.egg-info/SOURCES.txt'
[2.229s] running build_ext
[2.229s] Creating /home/usuario/Documentos/GitHub/IR2136/prac3_ws/install/examples_rclpy_minimal_action_server/lib/python3.10/site-packages/examples-rclpy-minimal-action-server.egg-link (link to .)
[2.242s] Installing server script to /home/usuario/Documentos/GitHub/IR2136/prac3_ws/install/examples_rclpy_minimal_action_server/lib/examples_rclpy_minimal_action_server
[2.242s] Installing server_defer script to /home/usuario/Documentos/GitHub/IR2136/prac3_ws/install/examples_rclpy_minimal_action_server/lib/examples_rclpy_minimal_action_server
[2.242s] Installing server_not_composable script to /home/usuario/Documentos/GitHub/IR2136/prac3_ws/install/examples_rclpy_minimal_action_server/lib/examples_rclpy_minimal_action_server
[2.242s] Installing server_queue_goals script to /home/usuario/Documentos/GitHub/IR2136/prac3_ws/install/examples_rclpy_minimal_action_server/lib/examples_rclpy_minimal_action_server
[2.242s] Installing server_single_goal script to /home/usuario/Documentos/GitHub/IR2136/prac3_ws/install/examples_rclpy_minimal_action_server/lib/examples_rclpy_minimal_action_server
[2.247s] 
[2.247s] Installed /home/usuario/Documentos/GitHub/IR2136/prac3_ws/build/examples_rclpy_minimal_action_server
[2.248s] running symlink_data
[2.248s] creating /home/usuario/Documentos/GitHub/IR2136/prac3_ws/install/examples_rclpy_minimal_action_server/share/ament_index
[2.248s] creating /home/usuario/Documentos/GitHub/IR2136/prac3_ws/install/examples_rclpy_minimal_action_server/share/ament_index/resource_index
[2.248s] creating /home/usuario/Documentos/GitHub/IR2136/prac3_ws/install/examples_rclpy_minimal_action_server/share/ament_index/resource_index/packages
[2.249s] symbolically linking /home/usuario/Documentos/GitHub/IR2136/prac3_ws/build/examples_rclpy_minimal_action_server/resource/examples_rclpy_minimal_action_server -> /home/usuario/Documentos/GitHub/IR2136/prac3_ws/install/examples_rclpy_minimal_action_server/share/ament_index/resource_index/packages
[2.249s] symbolically linking /home/usuario/Documentos/GitHub/IR2136/prac3_ws/build/examples_rclpy_minimal_action_server/package.xml -> /home/usuario/Documentos/GitHub/IR2136/prac3_ws/install/examples_rclpy_minimal_action_server/share/examples_rclpy_minimal_action_server
[2.587s] Invoked command in '/home/usuario/Documentos/GitHub/IR2136/prac3_ws/build/examples_rclpy_minimal_action_server' returned '0': PYTHONPATH=/home/usuario/Documentos/GitHub/IR2136/prac3_ws/build/examples_rclpy_minimal_action_server/prefix_override:/usr/lib/python3/dist-packages/colcon_core/task/python/colcon_distutils_commands:/home/usuario/Documentos/GitHub/IR2136/prac3_ws/install/examples_rclpy_minimal_action_server/lib/python3.10/site-packages:${PYTHONPATH} /usr/bin/python3 -W ignore:setup.py install is deprecated -W ignore:easy_install command is deprecated setup.py develop --editable --build-directory /home/usuario/Documentos/GitHub/IR2136/prac3_ws/build/examples_rclpy_minimal_action_server/build --no-deps symlink_data
