[0.022s] Invoking command in '/home/usuario/Documentos/GitHub/IR2136/prac3_ws/build/examples_rclcpp_minimal_composition': CMAKE_PREFIX_PATH=/opt/ros/humble /usr/bin/cmake /home/usuario/Documentos/GitHub/IR2136/prac3_ws/src/examples/rclcpp/composition/minimal_composition -DAMENT_CMAKE_SYMLINK_INSTALL=1 -DCMAKE_INSTALL_PREFIX=/home/usuario/Documentos/GitHub/IR2136/prac3_ws/install/examples_rclcpp_minimal_composition
[1.465s] -- The C compiler identification is GNU 10.5.0
[1.465s] -- The CXX compiler identification is GNU 10.5.0
[1.465s] -- Detecting C compiler ABI info
[1.465s] -- Detecting C compiler ABI info - done
[1.465s] -- Check for working C compiler: /usr/bin/cc - skipped
[1.465s] -- Detecting C compile features
[1.465s] -- Detecting C compile features - done
[1.465s] -- Detecting CXX compiler ABI info
[1.465s] -- Detecting CXX compiler ABI info - done
[1.465s] -- Check for working CXX compiler: /usr/bin/c++ - skipped
[1.465s] -- Detecting CXX compile features
[1.465s] -- Detecting CXX compile features - done
[1.465s] -- Found ament_cmake: 1.3.11 (/opt/ros/humble/share/ament_cmake/cmake)
[1.466s] -- Found Python3: /usr/bin/python3 (found version "3.10.12") found components: Interpreter 
[1.466s] -- Override CMake install command with custom implementation using symlinks instead of copying resources
[1.466s] -- Found rclcpp: 16.0.11 (/opt/ros/humble/share/rclcpp/cmake)
[1.466s] -- Found rosidl_generator_c: 3.1.6 (/opt/ros/humble/share/rosidl_generator_c/cmake)
[1.466s] -- Found rosidl_adapter: 3.1.6 (/opt/ros/humble/share/rosidl_adapter/cmake)
[1.466s] -- Found rosidl_generator_cpp: 3.1.6 (/opt/ros/humble/share/rosidl_generator_cpp/cmake)
[1.466s] -- Using all available rosidl_typesupport_c: rosidl_typesupport_fastrtps_c;rosidl_typesupport_introspection_c
[1.466s] -- Using all available rosidl_typesupport_cpp: rosidl_typesupport_fastrtps_cpp;rosidl_typesupport_introspection_cpp
[1.466s] -- Found rmw_implementation_cmake: 6.1.2 (/opt/ros/humble/share/rmw_implementation_cmake/cmake)
[1.466s] -- Found rmw_fastrtps_cpp: 6.2.7 (/opt/ros/humble/share/rmw_fastrtps_cpp/cmake)
[1.466s] -- Found OpenSSL: /usr/lib/x86_64-linux-gnu/libcrypto.so (found version "3.0.2")  
[1.466s] -- Found FastRTPS: /opt/ros/humble/include  
[1.467s] -- Using RMW implementation 'rmw_fastrtps_cpp' as default
[1.467s] -- Looking for pthread.h
[1.467s] -- Looking for pthread.h - found
[1.467s] -- Performing Test CMAKE_HAVE_LIBC_PTHREAD
[1.467s] -- Performing Test CMAKE_HAVE_LIBC_PTHREAD - Success
[1.467s] -- Found Threads: TRUE  
[1.467s] -- Found rclcpp_components: 16.0.11 (/opt/ros/humble/share/rclcpp_components/cmake)
[1.467s] -- Found ament_lint_auto: 0.12.11 (/opt/ros/humble/share/ament_lint_auto/cmake)
[1.467s] -- Added test 'copyright' to check source files copyright and LICENSE
[1.467s] -- Added test 'cppcheck' to perform static code analysis on C / C++ code
[1.467s] -- Configured cppcheck include dirs: /home/usuario/Documentos/GitHub/IR2136/prac3_ws/src/examples/rclcpp/composition/minimal_composition/include
[1.467s] -- Configured cppcheck exclude dirs and/or files: 
[1.467s] -- Added test 'cpplint' to check C / C++ code against the Google style
[1.467s] -- Configured cpplint exclude dirs and/or files: 
[1.468s] -- Added test 'lint_cmake' to check CMake code style
[1.468s] -- Added test 'uncrustify' to check C / C++ code style
[1.468s] -- Configured uncrustify additional arguments: 
[1.468s] -- Added test 'xmllint' to check XML markup files
[1.468s] -- Configuring done
[1.468s] -- Generating done
[1.471s] -- Build files have been written to: /home/usuario/Documentos/GitHub/IR2136/prac3_ws/build/examples_rclcpp_minimal_composition
[1.486s] Invoked command in '/home/usuario/Documentos/GitHub/IR2136/prac3_ws/build/examples_rclcpp_minimal_composition' returned '0': CMAKE_PREFIX_PATH=/opt/ros/humble /usr/bin/cmake /home/usuario/Documentos/GitHub/IR2136/prac3_ws/src/examples/rclcpp/composition/minimal_composition -DAMENT_CMAKE_SYMLINK_INSTALL=1 -DCMAKE_INSTALL_PREFIX=/home/usuario/Documentos/GitHub/IR2136/prac3_ws/install/examples_rclcpp_minimal_composition
[1.488s] Invoking command in '/home/usuario/Documentos/GitHub/IR2136/prac3_ws/build/examples_rclcpp_minimal_composition': CMAKE_PREFIX_PATH=/opt/ros/humble /usr/bin/cmake --build /home/usuario/Documentos/GitHub/IR2136/prac3_ws/build/examples_rclcpp_minimal_composition -- -j6 -l6
[1.624s] [ 11%] [32mBuilding CXX object CMakeFiles/composition_nodes.dir/src/publisher_node.cpp.o[0m
[1.630s] [ 22%] [32mBuilding CXX object CMakeFiles/composition_nodes.dir/src/subscriber_node.cpp.o[0m
[18.974s] [ 33%] [32m[1mLinking CXX shared library libcomposition_nodes.so[0m
[21.706s] [ 33%] Built target composition_nodes
[21.847s] [ 44%] [32mBuilding CXX object CMakeFiles/composition_publisher.dir/src/standalone_publisher.cpp.o[0m
[21.890s] [ 55%] [32mBuilding CXX object CMakeFiles/composition_subscriber.dir/src/standalone_subscriber.cpp.o[0m
[29.826s] [ 66%] [32m[1mLinking CXX executable composition_subscriber[0m
[30.322s] [ 77%] [32m[1mLinking CXX executable composition_publisher[0m
[30.667s] [ 77%] Built target composition_subscriber
[30.910s] [ 77%] Built target composition_publisher
[31.040s] [ 88%] [32mBuilding CXX object CMakeFiles/composition_composed.dir/src/composed.cpp.o[0m
[36.438s] [100%] [32m[1mLinking CXX executable composition_composed[0m
[37.015s] [100%] Built target composition_composed
[37.045s] Invoked command in '/home/usuario/Documentos/GitHub/IR2136/prac3_ws/build/examples_rclcpp_minimal_composition' returned '0': CMAKE_PREFIX_PATH=/opt/ros/humble /usr/bin/cmake --build /home/usuario/Documentos/GitHub/IR2136/prac3_ws/build/examples_rclcpp_minimal_composition -- -j6 -l6
[37.055s] Invoking command in '/home/usuario/Documentos/GitHub/IR2136/prac3_ws/build/examples_rclcpp_minimal_composition': CMAKE_PREFIX_PATH=/opt/ros/humble /usr/bin/cmake --install /home/usuario/Documentos/GitHub/IR2136/prac3_ws/build/examples_rclcpp_minimal_composition
[37.253s] -- Install configuration: ""
[37.253s] -- Execute custom install script
[37.253s] -- Symlinking: /home/usuario/Documentos/GitHub/IR2136/prac3_ws/install/examples_rclcpp_minimal_composition/share/examples_rclcpp_minimal_composition/environment/library_path.sh
[37.253s] -- Symlinking: /home/usuario/Documentos/GitHub/IR2136/prac3_ws/install/examples_rclcpp_minimal_composition/share/examples_rclcpp_minimal_composition/environment/library_path.dsv
[37.253s] -- Symlinking: /home/usuario/Documentos/GitHub/IR2136/prac3_ws/install/examples_rclcpp_minimal_composition/lib/libcomposition_nodes.so
[37.253s] -- Symlinking: /home/usuario/Documentos/GitHub/IR2136/prac3_ws/install/examples_rclcpp_minimal_composition/lib/examples_rclcpp_minimal_composition/composition_publisher
[37.255s] -- Symlinking: /home/usuario/Documentos/GitHub/IR2136/prac3_ws/install/examples_rclcpp_minimal_composition/lib/examples_rclcpp_minimal_composition/composition_subscriber
[37.259s] -- Symlinking: /home/usuario/Documentos/GitHub/IR2136/prac3_ws/install/examples_rclcpp_minimal_composition/lib/examples_rclcpp_minimal_composition/composition_composed
[37.285s] -- Symlinking: /home/usuario/Documentos/GitHub/IR2136/prac3_ws/install/examples_rclcpp_minimal_composition/share/ament_index/resource_index/package_run_dependencies/examples_rclcpp_minimal_composition
[37.300s] -- Symlinking: /home/usuario/Documentos/GitHub/IR2136/prac3_ws/install/examples_rclcpp_minimal_composition/share/ament_index/resource_index/parent_prefix_path/examples_rclcpp_minimal_composition
[37.325s] -- Symlinking: /home/usuario/Documentos/GitHub/IR2136/prac3_ws/install/examples_rclcpp_minimal_composition/share/examples_rclcpp_minimal_composition/environment/ament_prefix_path.sh
[37.350s] -- Symlinking: /home/usuario/Documentos/GitHub/IR2136/prac3_ws/install/examples_rclcpp_minimal_composition/share/examples_rclcpp_minimal_composition/environment/ament_prefix_path.dsv
[37.379s] -- Symlinking: /home/usuario/Documentos/GitHub/IR2136/prac3_ws/install/examples_rclcpp_minimal_composition/share/examples_rclcpp_minimal_composition/environment/path.sh
[37.410s] -- Symlinking: /home/usuario/Documentos/GitHub/IR2136/prac3_ws/install/examples_rclcpp_minimal_composition/share/examples_rclcpp_minimal_composition/environment/path.dsv
[37.439s] -- Symlinking: /home/usuario/Documentos/GitHub/IR2136/prac3_ws/install/examples_rclcpp_minimal_composition/share/examples_rclcpp_minimal_composition/local_setup.bash
[37.470s] -- Symlinking: /home/usuario/Documentos/GitHub/IR2136/prac3_ws/install/examples_rclcpp_minimal_composition/share/examples_rclcpp_minimal_composition/local_setup.sh
[37.498s] -- Symlinking: /home/usuario/Documentos/GitHub/IR2136/prac3_ws/install/examples_rclcpp_minimal_composition/share/examples_rclcpp_minimal_composition/local_setup.zsh
[37.513s] -- Symlinking: /home/usuario/Documentos/GitHub/IR2136/prac3_ws/install/examples_rclcpp_minimal_composition/share/examples_rclcpp_minimal_composition/local_setup.dsv
[37.547s] -- Symlinking: /home/usuario/Documentos/GitHub/IR2136/prac3_ws/install/examples_rclcpp_minimal_composition/share/examples_rclcpp_minimal_composition/package.dsv
[37.566s] -- Symlinking: /home/usuario/Documentos/GitHub/IR2136/prac3_ws/install/examples_rclcpp_minimal_composition/share/ament_index/resource_index/packages/examples_rclcpp_minimal_composition
[37.591s] -- Symlinking: /home/usuario/Documentos/GitHub/IR2136/prac3_ws/install/examples_rclcpp_minimal_composition/share/examples_rclcpp_minimal_composition/cmake/examples_rclcpp_minimal_compositionConfig.cmake
[37.608s] -- Symlinking: /home/usuario/Documentos/GitHub/IR2136/prac3_ws/install/examples_rclcpp_minimal_composition/share/examples_rclcpp_minimal_composition/cmake/examples_rclcpp_minimal_compositionConfig-version.cmake
[37.639s] -- Symlinking: /home/usuario/Documentos/GitHub/IR2136/prac3_ws/install/examples_rclcpp_minimal_composition/share/examples_rclcpp_minimal_composition/package.xml
[37.814s] Invoked command in '/home/usuario/Documentos/GitHub/IR2136/prac3_ws/build/examples_rclcpp_minimal_composition' returned '0': CMAKE_PREFIX_PATH=/opt/ros/humble /usr/bin/cmake --install /home/usuario/Documentos/GitHub/IR2136/prac3_ws/build/examples_rclcpp_minimal_composition
