[0.023s] Invoking command in '/home/usuario/Documentos/GitHub/IR2136/prac3_ws/build/examples_rclcpp_async_client': CMAKE_PREFIX_PATH=/opt/ros/humble /usr/bin/cmake /home/usuario/Documentos/GitHub/IR2136/prac3_ws/src/examples/rclcpp/services/async_client -DAMENT_CMAKE_SYMLINK_INSTALL=1 -DCMAKE_INSTALL_PREFIX=/home/usuario/Documentos/GitHub/IR2136/prac3_ws/install/examples_rclcpp_async_client
[0.093s] -- The C compiler identification is GNU 10.5.0
[0.167s] -- The CXX compiler identification is GNU 10.5.0
[0.178s] -- Detecting C compiler ABI info
[0.294s] -- Detecting C compiler ABI info - done
[0.302s] -- Check for working C compiler: /usr/bin/cc - skipped
[0.302s] -- Detecting C compile features
[0.302s] -- Detecting C compile features - done
[0.309s] -- Detecting CXX compiler ABI info
[0.431s] -- Detecting CXX compiler ABI info - done
[0.440s] -- Check for working CXX compiler: /usr/bin/c++ - skipped
[0.440s] -- Detecting CXX compile features
[0.440s] -- Detecting CXX compile features - done
[0.448s] -- Found ament_cmake: 1.3.11 (/opt/ros/humble/share/ament_cmake/cmake)
[0.582s] -- Found Python3: /usr/bin/python3 (found version "3.10.12") found components: Interpreter 
[0.641s] -- Override CMake install command with custom implementation using symlinks instead of copying resources
[0.680s] -- Found example_interfaces: 0.9.3 (/opt/ros/humble/share/example_interfaces/cmake)
[0.719s] -- Found rosidl_generator_c: 3.1.6 (/opt/ros/humble/share/rosidl_generator_c/cmake)
[0.724s] -- Found rosidl_adapter: 3.1.6 (/opt/ros/humble/share/rosidl_adapter/cmake)
[0.731s] -- Found rosidl_generator_cpp: 3.1.6 (/opt/ros/humble/share/rosidl_generator_cpp/cmake)
[0.742s] -- Using all available rosidl_typesupport_c: rosidl_typesupport_fastrtps_c;rosidl_typesupport_introspection_c
[0.757s] -- Using all available rosidl_typesupport_cpp: rosidl_typesupport_fastrtps_cpp;rosidl_typesupport_introspection_cpp
[0.802s] -- Found rclcpp: 16.0.11 (/opt/ros/humble/share/rclcpp/cmake)
[0.835s] -- Found rmw_implementation_cmake: 6.1.2 (/opt/ros/humble/share/rmw_implementation_cmake/cmake)
[0.838s] -- Found rmw_fastrtps_cpp: 6.2.7 (/opt/ros/humble/share/rmw_fastrtps_cpp/cmake)
[0.928s] -- Found OpenSSL: /usr/lib/x86_64-linux-gnu/libcrypto.so (found version "3.0.2")  
[0.962s] -- Found FastRTPS: /opt/ros/humble/include  
[1.018s] -- Using RMW implementation 'rmw_fastrtps_cpp' as default
[1.033s] -- Looking for pthread.h
[1.138s] -- Looking for pthread.h - found
[1.139s] -- Performing Test CMAKE_HAVE_LIBC_PTHREAD
[1.255s] -- Performing Test CMAKE_HAVE_LIBC_PTHREAD - Success
[1.256s] -- Found Threads: TRUE  
[1.308s] -- Found ament_lint_auto: 0.12.11 (/opt/ros/humble/share/ament_lint_auto/cmake)
[1.409s] -- Added test 'copyright' to check source files copyright and LICENSE
[1.411s] -- Added test 'cppcheck' to perform static code analysis on C / C++ code
[1.412s] -- Configured cppcheck include dirs: 
[1.412s] -- Configured cppcheck exclude dirs and/or files: 
[1.413s] -- Added test 'cpplint' to check C / C++ code against the Google style
[1.413s] -- Configured cpplint exclude dirs and/or files: 
[1.414s] -- Added test 'lint_cmake' to check CMake code style
[1.415s] -- Added test 'uncrustify' to check C / C++ code style
[1.416s] -- Configured uncrustify additional arguments: 
[1.416s] -- Added test 'xmllint' to check XML markup files
[1.430s] -- Configuring done
[1.450s] -- Generating done
[1.466s] -- Build files have been written to: /home/usuario/Documentos/GitHub/IR2136/prac3_ws/build/examples_rclcpp_async_client
[1.484s] Invoked command in '/home/usuario/Documentos/GitHub/IR2136/prac3_ws/build/examples_rclcpp_async_client' returned '0': CMAKE_PREFIX_PATH=/opt/ros/humble /usr/bin/cmake /home/usuario/Documentos/GitHub/IR2136/prac3_ws/src/examples/rclcpp/services/async_client -DAMENT_CMAKE_SYMLINK_INSTALL=1 -DCMAKE_INSTALL_PREFIX=/home/usuario/Documentos/GitHub/IR2136/prac3_ws/install/examples_rclcpp_async_client
[1.486s] Invoking command in '/home/usuario/Documentos/GitHub/IR2136/prac3_ws/build/examples_rclcpp_async_client': CMAKE_PREFIX_PATH=/opt/ros/humble /usr/bin/cmake --build /home/usuario/Documentos/GitHub/IR2136/prac3_ws/build/examples_rclcpp_async_client -- -j6 -l6
[1.586s] [ 50%] [32mBuilding CXX object CMakeFiles/client_main.dir/main.cpp.o[0m
[10.441s] [100%] [32m[1mLinking CXX executable client_main[0m
[11.251s] [100%] Built target client_main
[11.292s] Invoked command in '/home/usuario/Documentos/GitHub/IR2136/prac3_ws/build/examples_rclcpp_async_client' returned '0': CMAKE_PREFIX_PATH=/opt/ros/humble /usr/bin/cmake --build /home/usuario/Documentos/GitHub/IR2136/prac3_ws/build/examples_rclcpp_async_client -- -j6 -l6
[11.301s] Invoking command in '/home/usuario/Documentos/GitHub/IR2136/prac3_ws/build/examples_rclcpp_async_client': CMAKE_PREFIX_PATH=/opt/ros/humble /usr/bin/cmake --install /home/usuario/Documentos/GitHub/IR2136/prac3_ws/build/examples_rclcpp_async_client
[11.564s] -- Install configuration: ""
[11.564s] -- Execute custom install script
[11.564s] -- Symlinking: /home/usuario/Documentos/GitHub/IR2136/prac3_ws/install/examples_rclcpp_async_client/lib/examples_rclcpp_async_client/client_main
[11.565s] -- Symlinking: /home/usuario/Documentos/GitHub/IR2136/prac3_ws/install/examples_rclcpp_async_client/share/ament_index/resource_index/package_run_dependencies/examples_rclcpp_async_client
[11.565s] -- Symlinking: /home/usuario/Documentos/GitHub/IR2136/prac3_ws/install/examples_rclcpp_async_client/share/ament_index/resource_index/parent_prefix_path/examples_rclcpp_async_client
[11.565s] -- Symlinking: /home/usuario/Documentos/GitHub/IR2136/prac3_ws/install/examples_rclcpp_async_client/share/examples_rclcpp_async_client/environment/ament_prefix_path.sh
[11.565s] -- Symlinking: /home/usuario/Documentos/GitHub/IR2136/prac3_ws/install/examples_rclcpp_async_client/share/examples_rclcpp_async_client/environment/ament_prefix_path.dsv
[11.565s] -- Symlinking: /home/usuario/Documentos/GitHub/IR2136/prac3_ws/install/examples_rclcpp_async_client/share/examples_rclcpp_async_client/environment/path.sh
[11.565s] -- Symlinking: /home/usuario/Documentos/GitHub/IR2136/prac3_ws/install/examples_rclcpp_async_client/share/examples_rclcpp_async_client/environment/path.dsv
[11.565s] -- Symlinking: /home/usuario/Documentos/GitHub/IR2136/prac3_ws/install/examples_rclcpp_async_client/share/examples_rclcpp_async_client/local_setup.bash
[11.586s] -- Symlinking: /home/usuario/Documentos/GitHub/IR2136/prac3_ws/install/examples_rclcpp_async_client/share/examples_rclcpp_async_client/local_setup.sh
[11.617s] -- Symlinking: /home/usuario/Documentos/GitHub/IR2136/prac3_ws/install/examples_rclcpp_async_client/share/examples_rclcpp_async_client/local_setup.zsh
[11.641s] -- Symlinking: /home/usuario/Documentos/GitHub/IR2136/prac3_ws/install/examples_rclcpp_async_client/share/examples_rclcpp_async_client/local_setup.dsv
[11.687s] -- Symlinking: /home/usuario/Documentos/GitHub/IR2136/prac3_ws/install/examples_rclcpp_async_client/share/examples_rclcpp_async_client/package.dsv
[11.724s] -- Symlinking: /home/usuario/Documentos/GitHub/IR2136/prac3_ws/install/examples_rclcpp_async_client/share/ament_index/resource_index/packages/examples_rclcpp_async_client
[11.756s] -- Symlinking: /home/usuario/Documentos/GitHub/IR2136/prac3_ws/install/examples_rclcpp_async_client/share/examples_rclcpp_async_client/cmake/examples_rclcpp_async_clientConfig.cmake
[11.785s] -- Symlinking: /home/usuario/Documentos/GitHub/IR2136/prac3_ws/install/examples_rclcpp_async_client/share/examples_rclcpp_async_client/cmake/examples_rclcpp_async_clientConfig-version.cmake
[11.811s] -- Symlinking: /home/usuario/Documentos/GitHub/IR2136/prac3_ws/install/examples_rclcpp_async_client/share/examples_rclcpp_async_client/package.xml
[11.868s] Invoked command in '/home/usuario/Documentos/GitHub/IR2136/prac3_ws/build/examples_rclcpp_async_client' returned '0': CMAKE_PREFIX_PATH=/opt/ros/humble /usr/bin/cmake --install /home/usuario/Documentos/GitHub/IR2136/prac3_ws/build/examples_rclcpp_async_client
